/home/pi/programming/kernelmods/taciturn-rutabaga/tests/chardev_command/chardev_command.c: In function ‘setup_chardev’:
/home/pi/programming/kernelmods/taciturn-rutabaga/tests/chardev_command/chardev_command.c:160:51: error: ‘CLASS_NAME’ undeclared (first use in this function)
     cmd_device_class = class_create( THIS_MODULE, CLASS_NAME );
                                                   ^
include/linux/device.h:490:24: note: in definition of macro ‘class_create’
  __class_create(owner, name, &__key); \
                        ^
/home/pi/programming/kernelmods/taciturn-rutabaga/tests/chardev_command/chardev_command.c:160:51: note: each undeclared identifier is reported only once for each function it appears in
     cmd_device_class = class_create( THIS_MODULE, CLASS_NAME );
                                                   ^
include/linux/device.h:490:24: note: in definition of macro ‘class_create’
  __class_create(owner, name, &__key); \
                        ^
/home/pi/programming/kernelmods/taciturn-rutabaga/tests/chardev_command/chardev_command.c:176:9: error: implicit declaration of function ‘PTR_ERROR’ [-Werror=implicit-function-declaration]
         return PTR_ERROR( cmd_device );
         ^
/home/pi/programming/kernelmods/taciturn-rutabaga/tests/chardev_command/chardev_command.c: In function ‘remove_chardev’:
/home/pi/programming/kernelmods/taciturn-rutabaga/tests/chardev_command/chardev_command.c:193:5: error: implicit declaration of function ‘device_destory’ [-Werror=implicit-function-declaration]
     device_destory( cmd_device_class, MKDEV( major_number, 0) );
     ^
/home/pi/programming/kernelmods/taciturn-rutabaga/tests/chardev_command/chardev_command.c: In function ‘cmd_dev_init’:
/home/pi/programming/kernelmods/taciturn-rutabaga/tests/chardev_command/chardev_command.c:210:5: error: implicit declaration of function ‘setup_chrdev’ [-Werror=implicit-function-declaration]
     ret = setup_chrdev();
     ^
/home/pi/programming/kernelmods/taciturn-rutabaga/tests/chardev_command/chardev_command.c: At top level:
/home/pi/programming/kernelmods/taciturn-rutabaga/tests/chardev_command/chardev_command.c:47:17: warning: ‘cmd_buff’ defined but not used [-Wunused-variable]
 static char     cmd_buff;
                 ^
/home/pi/programming/kernelmods/taciturn-rutabaga/tests/chardev_command/chardev_command.c:48:17: warning: ‘cmd_buff_length’ defined but not used [-Wunused-variable]
 static short    cmd_buff_length;
                 ^
/home/pi/programming/kernelmods/taciturn-rutabaga/tests/chardev_command/chardev_command.c:147:12: warning: ‘setup_chardev’ defined but not used [-Wunused-function]
 static int setup_chardev(void){
            ^
/home/pi/programming/kernelmods/taciturn-rutabaga/tests/chardev_command/chardev_command.c: In function ‘cmd_dev_init’:
/home/pi/programming/kernelmods/taciturn-rutabaga/tests/chardev_command/chardev_command.c:216:1: warning: control reaches end of non-void function [-Wreturn-type]
 }
 ^
